<?xml version="1.0" encoding="UTF-8"?>
<coverage generated="1473896167577" clover="4.0.6">
   <project name="mow-it-now 1.0" timestamp="1473896158175">
      <metrics coveredelements="660" complexity="284" loc="3361" methods="189" classes="44" statements="703" packages="28" coveredconditionals="74" coveredmethods="130" elements="1006" ncloc="1963" files="44" conditionals="114" coveredstatements="456"/>
      <package name="com.vsegouin.mowitnow.ui.gui.controllers.file">
         <metrics coveredelements="0" complexity="19" loc="323" methods="13" classes="4" statements="69" coveredconditionals="0" coveredmethods="0" elements="82" ncloc="215" files="4" conditionals="0" coveredstatements="0"/>
         <file path="C:\Users\ocalik\Desktop\azza\mow-it-now\src\main\java\com\vsegouin\mowitnow\ui\gui\controllers\file\BulkAddProjectController.java" name="BulkAddProjectController.java">
            <metrics coveredelements="0" coveredconditionals="0" complexity="4" loc="79" coveredmethods="0" methods="3" elements="18" classes="1" ncloc="54" statements="15" conditionals="0" coveredstatements="0"/>
            <class name="BulkAddProjectController">
               <metrics coveredelements="0" coveredconditionals="0" complexity="4" coveredmethods="0" methods="3" elements="18" statements="15" conditionals="0" coveredstatements="0"/>
            </class>
            <line complexity="1" visibility="public" signature="BulkAddProjectController(GUIController,FileControl,LanguageManagerInterface)" num="43" count="0" type="method"/>
            <line num="45" count="0" type="stmt"/>
            <line num="46" count="0" type="stmt"/>
            <line num="47" count="0" type="stmt"/>
            <line complexity="2" visibility="public" signature="newProjectAction() : void" num="53" count="0" type="method"/>
            <line num="55" count="0" type="stmt"/>
            <line num="56" count="0" type="stmt"/>
            <line num="57" count="0" type="stmt"/>
            <line num="58" count="0" type="stmt"/>
            <line num="59" count="0" type="stmt"/>
            <line num="60" count="0" type="stmt"/>
            <line num="61" count="0" type="stmt"/>
            <line num="63" count="0" type="stmt"/>
            <line num="64" count="0" type="stmt"/>
            <line complexity="1" visibility="public" signature="cancelAction() : void" num="71" count="0" type="method"/>
            <line num="74" count="0" type="stmt"/>
            <line num="76" count="0" type="stmt"/>
            <line num="77" count="0" type="stmt"/>
         </file>
         <file path="C:\Users\ocalik\Desktop\azza\mow-it-now\src\main\java\com\vsegouin\mowitnow\ui\gui\controllers\file\FileLoadController.java" name="FileLoadController.java">
            <metrics coveredelements="0" coveredconditionals="0" complexity="8" loc="115" coveredmethods="0" methods="4" elements="35" classes="1" ncloc="82" statements="31" conditionals="0" coveredstatements="0"/>
            <class name="FileLoadController">
               <metrics coveredelements="0" coveredconditionals="0" complexity="8" coveredmethods="0" methods="4" elements="35" statements="31" conditionals="0" coveredstatements="0"/>
            </class>
            <line complexity="1" visibility="public" signature="FileLoadController(MainControllerGUI,FileControlInterface,LanguageManagerInterface)" num="51" count="0" type="method"/>
            <line num="53" count="0" type="stmt"/>
            <line num="54" count="0" type="stmt"/>
            <line num="55" count="0" type="stmt"/>
            <line complexity="4" visibility="public" signature="loadFileAction() : void" num="62" count="0" type="method"/>
            <line num="63" count="0" type="stmt"/>
            <line num="64" count="0" type="stmt"/>
            <line num="65" count="0" type="stmt"/>
            <line num="66" count="0" type="stmt"/>
            <line num="67" count="0" type="stmt"/>
            <line num="68" count="0" type="stmt"/>
            <line num="69" count="0" type="stmt"/>
            <line num="70" count="0" type="stmt"/>
            <line num="71" count="0" type="stmt"/>
            <line num="73" count="0" type="stmt"/>
            <line num="74" count="0" type="stmt"/>
            <line num="75" count="0" type="stmt"/>
            <line num="77" count="0" type="stmt"/>
            <line num="78" count="0" type="stmt"/>
            <line num="79" count="0" type="stmt"/>
            <line num="81" count="0" type="stmt"/>
            <line num="82" count="0" type="stmt"/>
            <line complexity="1" visibility="public" signature="cancelAction() : void" num="89" count="0" type="method"/>
            <line num="91" count="0" type="stmt"/>
            <line num="93" count="0" type="stmt"/>
            <line num="94" count="0" type="stmt"/>
            <line complexity="2" visibility="public" signature="executeFileAction() : void" num="101" count="0" type="method"/>
            <line num="102" count="0" type="stmt"/>
            <line num="103" count="0" type="stmt"/>
            <line num="105" count="0" type="stmt"/>
            <line num="107" count="0" type="stmt"/>
            <line num="108" count="0" type="stmt"/>
            <line num="110" count="0" type="stmt"/>
            <line num="111" count="0" type="stmt"/>
            <line num="112" count="0" type="stmt"/>
         </file>
         <file path="C:\Users\ocalik\Desktop\azza\mow-it-now\src\main\java\com\vsegouin\mowitnow\ui\gui\controllers\file\MapCreationController.java" name="MapCreationController.java">
            <metrics coveredelements="0" coveredconditionals="0" complexity="4" loc="70" coveredmethods="0" methods="3" elements="17" classes="1" ncloc="45" statements="14" conditionals="0" coveredstatements="0"/>
            <class name="MapCreationController">
               <metrics coveredelements="0" coveredconditionals="0" complexity="4" coveredmethods="0" methods="3" elements="17" statements="14" conditionals="0" coveredstatements="0"/>
            </class>
            <line complexity="1" visibility="public" signature="MapCreationController(GUIController,LanguageManagerInterface)" num="35" count="0" type="method"/>
            <line num="37" count="0" type="stmt"/>
            <line num="38" count="0" type="stmt"/>
            <line complexity="1" visibility="public" signature="cancelAction() : void" num="44" count="0" type="method"/>
            <line num="45" count="0" type="stmt"/>
            <line num="46" count="0" type="stmt"/>
            <line complexity="2" visibility="public" signature="createNewMap() : void" num="53" count="0" type="method"/>
            <line num="54" count="0" type="stmt"/>
            <line num="55" count="0" type="stmt"/>
            <line num="56" count="0" type="stmt"/>
            <line num="57" count="0" type="stmt"/>
            <line num="58" count="0" type="stmt"/>
            <line num="59" count="0" type="stmt"/>
            <line num="60" count="0" type="stmt"/>
            <line num="62" count="0" type="stmt"/>
            <line num="63" count="0" type="stmt"/>
            <line num="66" count="0" type="stmt"/>
         </file>
         <file path="C:\Users\ocalik\Desktop\azza\mow-it-now\src\main\java\com\vsegouin\mowitnow\ui\gui\controllers\file\NewProjectController.java" name="NewProjectController.java">
            <metrics coveredelements="0" coveredconditionals="0" complexity="3" loc="59" coveredmethods="0" methods="3" elements="12" classes="1" ncloc="34" statements="9" conditionals="0" coveredstatements="0"/>
            <class name="NewProjectController">
               <metrics coveredelements="0" coveredconditionals="0" complexity="3" coveredmethods="0" methods="3" elements="12" statements="9" conditionals="0" coveredstatements="0"/>
            </class>
            <line complexity="1" visibility="public" signature="NewProjectController(GUIController,LanguageManager)" num="28" count="0" type="method"/>
            <line num="30" count="0" type="stmt"/>
            <line num="31" count="0" type="stmt"/>
            <line complexity="1" visibility="public" signature="newProjectAction() : void" num="37" count="0" type="method"/>
            <line num="39" count="0" type="stmt"/>
            <line num="41" count="0" type="stmt"/>
            <line num="43" count="0" type="stmt"/>
            <line num="44" count="0" type="stmt"/>
            <line complexity="1" visibility="public" signature="cancelAction() : void" num="50" count="0" type="method"/>
            <line num="53" count="0" type="stmt"/>
            <line num="55" count="0" type="stmt"/>
            <line num="56" count="0" type="stmt"/>
         </file>
      </package>
      <package name="com.vsegouin.mowitnow.ui.gui.utils">
         <metrics coveredelements="13" complexity="4" loc="53" methods="3" classes="1" statements="10" coveredconditionals="1" coveredmethods="2" elements="15" ncloc="32" files="1" conditionals="2" coveredstatements="10"/>
         <file path="C:\Users\ocalik\Desktop\azza\mow-it-now\src\main\java\com\vsegouin\mowitnow\ui\gui\utils\SceneUtil.java" name="SceneUtil.java">
            <metrics coveredelements="13" coveredconditionals="1" complexity="4" loc="53" coveredmethods="2" methods="3" elements="15" classes="1" ncloc="32" statements="10" conditionals="2" coveredstatements="10"/>
            <class name="SceneUtil">
               <metrics coveredelements="13" coveredconditionals="1" complexity="4" coveredmethods="2" methods="3" elements="15" statements="10" conditionals="2" coveredstatements="10"/>
            </class>
            <line complexity="1" visibility="private" signature="SceneUtil()" num="22" count="0" type="method"/>
            <line complexity="2" visibility="public" signature="loadParent(Stage,String,Locale) : Parent" num="35" count="1" type="method"/>
            <line num="36" count="1" type="stmt"/>
            <line num="37" count="1" type="stmt"/>
            <line num="38" count="1" type="stmt"/>
            <line num="39" count="1" type="stmt"/>
            <line complexity="1" visibility="public" signature="call(Class&lt;?&gt;) : Object" num="40" count="8" type="method"/>
            <line num="42" count="8" type="stmt"/>
            <line num="45" count="1" type="stmt"/>
            <line num="46" count="1" type="stmt"/>
            <line num="47" count="1" type="stmt"/>
            <line falsecount="0" truecount="1" num="47" type="cond"/>
            <line num="48" count="1" type="stmt"/>
            <line num="50" count="1" type="stmt"/>
         </file>
      </package>
      <package name="com.vsegouin.mowitnow.ui.gui.controllers.remote">
         <metrics coveredelements="2" complexity="5" loc="67" methods="5" classes="1" statements="5" coveredconditionals="0" coveredmethods="1" elements="10" ncloc="37" files="1" conditionals="0" coveredstatements="1"/>
         <file path="C:\Users\ocalik\Desktop\azza\mow-it-now\src\main\java\com\vsegouin\mowitnow\ui\gui\controllers\remote\RemoteControlController.java" name="RemoteControlController.java">
            <metrics coveredelements="2" coveredconditionals="0" complexity="5" loc="67" coveredmethods="1" methods="5" elements="10" classes="1" ncloc="37" statements="5" conditionals="0" coveredstatements="1"/>
            <class name="RemoteControlController">
               <metrics coveredelements="2" coveredconditionals="0" complexity="5" coveredmethods="1" methods="5" elements="10" statements="5" conditionals="0" coveredstatements="1"/>
            </class>
            <line complexity="1" visibility="public" signature="RemoteControlController(MainControllerGUI)" num="28" count="2" type="method"/>
            <line num="30" count="2" type="stmt"/>
            <line complexity="1" visibility="public" signature="goLeftClicked() : void" num="36" count="0" type="method"/>
            <line num="38" count="0" type="stmt"/>
            <line complexity="1" visibility="public" signature="goForwardClicked() : void" num="44" count="0" type="method"/>
            <line num="46" count="0" type="stmt"/>
            <line complexity="1" visibility="public" signature="goRightClicked() : void" num="53" count="0" type="method"/>
            <line num="55" count="0" type="stmt"/>
            <line complexity="1" visibility="public" signature="goBackwardClicked() : void" num="61" count="0" type="method"/>
            <line num="63" count="0" type="stmt"/>
         </file>
      </package>
      <package name="com.vsegouin.mowitnow.services.file.interfaces">
         <metrics coveredelements="0" complexity="0" loc="52" methods="0" classes="1" statements="0" coveredconditionals="0" coveredmethods="0" elements="0" ncloc="13" files="1" conditionals="0" coveredstatements="0"/>
         <file path="C:\Users\ocalik\Desktop\azza\mow-it-now\src\main\java\com\vsegouin\mowitnow\services\file\interfaces\FileControlInterface.java" name="FileControlInterface.java">
            <metrics coveredelements="0" coveredconditionals="0" complexity="0" loc="52" coveredmethods="0" methods="0" elements="0" classes="1" ncloc="13" statements="0" conditionals="0" coveredstatements="0"/>
            <class name="FileControlInterface">
               <metrics coveredelements="0" coveredconditionals="0" complexity="0" coveredmethods="0" methods="0" elements="0" statements="0" conditionals="0" coveredstatements="0"/>
            </class>
         </file>
      </package>
      <package name="com.vsegouin.mowitnow.ui.gui.components.visualization">
         <metrics coveredelements="64" complexity="11" loc="135" methods="6" classes="1" statements="50" coveredconditionals="8" coveredmethods="6" elements="66" ncloc="98" files="1" conditionals="10" coveredstatements="50"/>
         <file path="C:\Users\ocalik\Desktop\azza\mow-it-now\src\main\java\com\vsegouin\mowitnow\ui\gui\components\visualization\MatrixVisualizerPane.java" name="MatrixVisualizerPane.java">
            <metrics coveredelements="64" coveredconditionals="8" complexity="11" loc="135" coveredmethods="6" methods="6" elements="66" classes="1" ncloc="98" statements="50" conditionals="10" coveredstatements="50"/>
            <class name="MatrixVisualizerPane">
               <metrics coveredelements="64" coveredconditionals="8" complexity="11" coveredmethods="6" methods="6" elements="66" statements="50" conditionals="10" coveredstatements="50"/>
            </class>
            <line complexity="1" visibility="package" signature="&lt;clinit&gt;, line 31()" num="31" count="1" type="method"/>
            <line num="32" count="1" type="stmt"/>
            <line num="33" count="1" type="stmt"/>
            <line num="34" count="1" type="stmt"/>
            <line num="35" count="1" type="stmt"/>
            <line complexity="1" visibility="public" signature="MatrixVisualizerPane(GUIController,MowerController,MapArea)" num="55" count="8" type="method"/>
            <line num="57" count="8" type="stmt"/>
            <line num="58" count="8" type="stmt"/>
            <line num="59" count="8" type="stmt"/>
            <line num="60" count="8" type="stmt"/>
            <line num="61" count="8" type="stmt"/>
            <line num="62" count="8" type="stmt"/>
            <line complexity="4" visibility="public" signature="drawMap() : void" num="68" count="28" type="method"/>
            <line num="69" count="28" type="stmt"/>
            <line num="70" count="28" type="stmt"/>
            <line num="71" count="28" type="stmt"/>
            <line num="72" count="28" type="stmt"/>
            <line num="73" count="28" type="stmt"/>
            <line num="74" count="28" type="stmt"/>
            <line num="76" count="28" type="stmt"/>
            <line num="77" count="28" type="stmt"/>
            <line num="78" count="28" type="stmt"/>
            <line num="79" count="28" type="stmt"/>
            <line num="80" count="28" type="stmt"/>
            <line num="81" count="28" type="stmt"/>
            <line falsecount="28" truecount="158" num="81" type="cond"/>
            <line num="82" count="158" type="stmt"/>
            <line falsecount="158" truecount="1094" num="82" type="cond"/>
            <line num="83" count="1094" type="stmt"/>
            <line num="84" count="1094" type="stmt"/>
            <line num="85" count="1094" type="stmt"/>
            <line num="86" count="1094" type="stmt"/>
            <line num="87" count="1094" type="stmt"/>
            <line num="88" count="1094" type="stmt"/>
            <line num="90" count="1094" type="stmt"/>
            <line falsecount="1092" truecount="2" num="90" type="cond"/>
            <line num="91" count="2" type="stmt"/>
            <line num="92" count="2" type="stmt"/>
            <line num="94" count="1092" type="stmt"/>
            <line num="96" count="1094" type="stmt"/>
            <line num="98" count="158" type="stmt"/>
            <line num="99" count="158" type="stmt"/>
            <line complexity="3" visibility="private" signature="loadDirectionArrowImage(Rectangle,int,int) : ImageView" num="111" count="2" type="method"/>
            <line num="112" count="2" type="stmt"/>
            <line num="113" count="2" type="stmt"/>
            <line num="114" count="2" type="stmt"/>
            <line num="115" count="2" type="stmt"/>
            <line num="116" count="2" type="stmt"/>
            <line num="117" count="2" type="stmt"/>
            <line num="118" count="2" type="stmt"/>
            <line num="119" count="2" type="stmt"/>
            <line falsecount="0" truecount="2" num="119" type="cond"/>
            <line num="120" count="2" type="stmt"/>
            <line num="121" count="2" type="stmt"/>
            <line falsecount="0" truecount="2" num="121" type="cond"/>
            <line num="122" count="2" type="stmt"/>
            <line num="125" count="2" type="stmt"/>
            <line complexity="1" visibility="public" signature="getOverlay() : Pane" num="128" count="8" type="method"/>
            <line num="129" count="8" type="stmt"/>
            <line complexity="1" visibility="public" signature="getCanvas() : Canvas" num="132" count="8" type="method"/>
            <line num="133" count="8" type="stmt"/>
         </file>
      </package>
      <package name="com.vsegouin.mowitnow.ui.gui.controllers.infos">
         <metrics coveredelements="53" complexity="16" loc="272" methods="14" classes="4" statements="55" coveredconditionals="1" coveredmethods="12" elements="73" ncloc="165" files="4" conditionals="4" coveredstatements="40"/>
         <file path="C:\Users\ocalik\Desktop\azza\mow-it-now\src\main\java\com\vsegouin\mowitnow\ui\gui\controllers\infos\HistoricPaneController.java" name="HistoricPaneController.java">
            <metrics coveredelements="11" coveredconditionals="1" complexity="3" loc="61" coveredmethods="2" methods="2" elements="16" classes="1" ncloc="39" statements="12" conditionals="2" coveredstatements="8"/>
            <class name="HistoricPaneController">
               <metrics coveredelements="11" coveredconditionals="1" complexity="3" coveredmethods="2" methods="2" elements="16" statements="12" conditionals="2" coveredstatements="8"/>
            </class>
            <line complexity="1" visibility="public" signature="HistoricPaneController(MowerController,LanguageManagerInterface)" num="34" count="2" type="method"/>
            <line num="36" count="2" type="stmt"/>
            <line num="37" count="2" type="stmt"/>
            <line complexity="2" visibility="public" signature="updateHistoric(MapArea) : void" num="45" count="20" type="method"/>
            <line num="46" count="20" type="stmt"/>
            <line num="47" count="20" type="stmt"/>
            <line num="48" count="20" type="stmt"/>
            <line num="49" count="76" type="stmt"/>
            <line falsecount="76" truecount="0" num="49" type="cond"/>
            <line num="50" count="0" type="stmt"/>
            <line num="51" count="0" type="stmt"/>
            <line num="52" count="0" type="stmt"/>
            <line num="53" count="0" type="stmt"/>
            <line num="56" count="20" type="stmt"/>
            <line num="57" count="20" type="stmt"/>
         </file>
         <file path="C:\Users\ocalik\Desktop\azza\mow-it-now\src\main\java\com\vsegouin\mowitnow\ui\gui\controllers\infos\MowerListController.java" name="MowerListController.java">
            <metrics coveredelements="12" coveredconditionals="0" complexity="2" loc="55" coveredmethods="2" methods="2" elements="12" classes="1" ncloc="34" statements="10" conditionals="0" coveredstatements="10"/>
            <class name="MowerListController">
               <metrics coveredelements="12" coveredconditionals="0" complexity="2" coveredmethods="2" methods="2" elements="12" statements="10" conditionals="0" coveredstatements="10"/>
            </class>
            <line complexity="1" visibility="public" signature="MowerListController(MowerController,LanguageManagerInterface)" num="32" count="2" type="method"/>
            <line num="34" count="2" type="stmt"/>
            <line num="35" count="2" type="stmt"/>
            <line complexity="1" visibility="public" signature="updateMowerList(MapArea) : void" num="43" count="20" type="method"/>
            <line num="44" count="20" type="stmt"/>
            <line num="45" count="20" type="stmt"/>
            <line num="46" count="20" type="stmt"/>
            <line num="47" count="2" type="stmt"/>
            <line num="48" count="2" type="stmt"/>
            <line num="49" count="2" type="stmt"/>
            <line num="51" count="20" type="stmt"/>
            <line num="52" count="20" type="stmt"/>
         </file>
         <file path="C:\Users\ocalik\Desktop\azza\mow-it-now\src\main\java\com\vsegouin\mowitnow\ui\gui\controllers\infos\TabMapController.java" name="TabMapController.java">
            <metrics coveredelements="26" coveredconditionals="0" complexity="9" loc="131" coveredmethods="6" methods="8" elements="41" classes="1" ncloc="79" statements="31" conditionals="2" coveredstatements="20"/>
            <class name="TabMapController">
               <metrics coveredelements="26" coveredconditionals="0" complexity="9" coveredmethods="6" methods="8" elements="41" statements="31" conditionals="2" coveredstatements="20"/>
            </class>
            <line complexity="1" visibility="public" signature="TabMapController(GUIController,MowerController,LanguageManagerInterface)" num="41" count="2" type="method"/>
            <line num="43" count="2" type="stmt"/>
            <line num="44" count="2" type="stmt"/>
            <line num="45" count="2" type="stmt"/>
            <line num="46" count="2" type="stmt"/>
            <line complexity="1" visibility="public" signature="createTab(MapArea) : void" num="54" count="8" type="method"/>
            <line num="55" count="8" type="stmt"/>
            <line num="57" count="8" type="stmt"/>
            <line num="58" count="8" type="stmt"/>
            <line num="59" count="8" type="stmt"/>
            <line num="61" count="8" type="stmt"/>
            <line num="62" count="8" type="stmt"/>
            <line num="64" count="8" type="stmt"/>
            <line num="65" count="8" type="stmt"/>
            <line num="66" count="8" type="stmt"/>
            <line num="67" count="8" type="stmt"/>
            <line complexity="1" visibility="public" signature="handle(Event) : void" num="68" count="8" type="method"/>
            <line num="70" count="8" type="stmt"/>
            <line num="74" count="8" type="stmt"/>
            <line num="75" count="8" type="stmt"/>
            <line complexity="1" visibility="public" signature="redrawMatrix(MatrixVisualizerPane) : void" num="83" count="8" type="method"/>
            <line num="84" count="8" type="stmt"/>
            <line complexity="1" visibility="public" signature="redrawMatrix(MapArea) : void" num="92" count="20" type="method"/>
            <line num="93" count="20" type="stmt"/>
            <line complexity="1" visibility="public" signature="redrawMatrixes() : void" num="99" count="0" type="method"/>
            <line num="100" count="0" type="stmt"/>
            <line num="101" count="0" type="stmt"/>
            <line complexity="2" visibility="public" signature="reloadMatrixes() : void" num="109" count="0" type="method"/>
            <line num="110" count="0" type="stmt"/>
            <line num="111" count="0" type="stmt"/>
            <line num="112" count="0" type="stmt"/>
            <line num="113" count="0" type="stmt"/>
            <line num="114" count="0" type="stmt"/>
            <line falsecount="0" truecount="0" num="114" type="cond"/>
            <line num="115" count="0" type="stmt"/>
            <line num="117" count="0" type="stmt"/>
            <line num="119" count="0" type="stmt"/>
            <line num="120" count="0" type="stmt"/>
            <line complexity="1" visibility="public" signature="setCurrentTab(MapArea) : void" num="128" count="8" type="method"/>
            <line num="129" count="8" type="stmt"/>
         </file>
         <file path="C:\Users\ocalik\Desktop\azza\mow-it-now\src\main\java\com\vsegouin\mowitnow\ui\gui\controllers\infos\ToolbarController.java" name="ToolbarController.java">
            <metrics coveredelements="4" coveredconditionals="0" complexity="2" loc="25" coveredmethods="2" methods="2" elements="4" classes="1" ncloc="13" statements="2" conditionals="0" coveredstatements="2"/>
            <class name="ToolbarController">
               <metrics coveredelements="4" coveredconditionals="0" complexity="2" coveredmethods="2" methods="2" elements="4" statements="2" conditionals="0" coveredstatements="2"/>
            </class>
            <line complexity="1" visibility="public" signature="setInfoMessage(String) : void" num="18" count="3" type="method"/>
            <line num="19" count="3" type="stmt"/>
            <line complexity="1" visibility="public" signature="getTextInfo() : Text" num="22" count="1" type="method"/>
            <line num="23" count="1" type="stmt"/>
         </file>
      </package>
      <package name="com.vsegouin.mowitnow.mower.core">
         <metrics coveredelements="57" complexity="16" loc="142" methods="9" classes="1" statements="38" coveredconditionals="10" coveredmethods="9" elements="57" ncloc="83" files="1" conditionals="10" coveredstatements="38"/>
         <file path="C:\Users\ocalik\Desktop\azza\mow-it-now\src\main\java\com\vsegouin\mowitnow\mower\core\Mower.java" name="Mower.java">
            <metrics coveredelements="57" coveredconditionals="10" complexity="16" loc="142" coveredmethods="9" methods="9" elements="57" classes="1" ncloc="83" statements="38" conditionals="10" coveredstatements="38"/>
            <class name="Mower">
               <metrics coveredelements="57" coveredconditionals="10" complexity="16" coveredmethods="9" methods="9" elements="57" statements="38" conditionals="10" coveredstatements="38"/>
            </class>
            <line complexity="1" visibility="public" signature="Mower(MapArea)" num="33" count="3" type="method"/>
            <line num="34" count="3" type="stmt"/>
            <line complexity="1" visibility="public" signature="Mower(int,int,Direction,MapArea)" num="45" count="20" type="method"/>
            <line num="46" count="20" type="stmt"/>
            <line num="47" count="20" type="stmt"/>
            <line num="48" count="20" type="stmt"/>
            <line num="49" count="20" type="stmt"/>
            <line num="50" count="20" type="stmt"/>
            <line num="51" count="20" type="stmt"/>
            <line complexity="1" visibility="public" signature="turnLeft() : void" num="57" count="11" type="method"/>
            <line num="58" count="11" type="stmt"/>
            <line complexity="1" visibility="public" signature="turnRight() : void" num="64" count="10" type="method"/>
            <line num="65" count="10" type="stmt"/>
            <line complexity="2" visibility="public" signature="goForward() : void" num="73" count="28" type="method"/>
            <line num="74" count="28" type="stmt"/>
            <line falsecount="1" truecount="27" num="74" type="cond"/>
            <line num="75" count="27" type="stmt"/>
            <line num="77" count="1" type="stmt"/>
            <line num="78" count="1" type="stmt"/>
            <line complexity="3" visibility="public" signature="goBackward() : void" num="87" count="4" type="method"/>
            <line num="88" count="4" type="stmt"/>
            <line num="89" count="4" type="stmt"/>
            <line falsecount="2" truecount="2" num="89" type="cond"/>
            <line num="90" count="2" type="stmt"/>
            <line num="91" count="2" type="stmt"/>
            <line num="93" count="2" type="stmt"/>
            <line complexity="5" visibility="public" signature="drawPosition() : String" num="102" count="4" type="method"/>
            <line num="103" count="4" type="stmt"/>
            <line num="104" count="4" type="stmt"/>
            <line num="105" count="4" type="stmt"/>
            <line num="106" count="4" type="stmt"/>
            <line num="107" count="4" type="stmt"/>
            <line num="108" count="4" type="stmt"/>
            <line num="109" count="4" type="stmt"/>
            <line falsecount="4" truecount="24" num="109" type="cond"/>
            <line num="110" count="24" type="stmt"/>
            <line num="111" count="24" type="stmt"/>
            <line falsecount="24" truecount="144" num="111" type="cond"/>
            <line num="112" count="144" type="stmt"/>
            <line falsecount="140" truecount="4" num="112" type="cond"/>
            <line num="113" count="4" type="stmt"/>
            <line num="115" count="140" type="stmt"/>
            <line num="118" count="24" type="stmt"/>
            <line num="119" count="24" type="stmt"/>
            <line num="121" count="4" type="stmt"/>
            <line num="122" count="4" type="stmt"/>
            <line complexity="1" visibility="public" signature="getStatistics() : String" num="130" count="4" type="method"/>
            <line num="131" count="4" type="stmt"/>
            <line num="132" count="4" type="stmt"/>
            <line num="133" count="4" type="stmt"/>
            <line complexity="1" visibility="public" signature="getDetector() : Detector" num="137" count="24" type="method"/>
            <line num="138" count="24" type="stmt"/>
         </file>
      </package>
      <package name="com.vsegouin.mowitnow.mower.core.detection">
         <metrics coveredelements="75" complexity="19" loc="190" methods="11" classes="1" statements="56" coveredconditionals="8" coveredmethods="11" elements="77" ncloc="107" files="1" conditionals="10" coveredstatements="56"/>
         <file path="C:\Users\ocalik\Desktop\azza\mow-it-now\src\main\java\com\vsegouin\mowitnow\mower\core\detection\Detector.java" name="Detector.java">
            <metrics coveredelements="75" coveredconditionals="8" complexity="19" loc="190" coveredmethods="11" methods="11" elements="77" classes="1" ncloc="107" statements="56" conditionals="10" coveredstatements="56"/>
            <class name="Detector">
               <metrics coveredelements="75" coveredconditionals="8" complexity="19" coveredmethods="11" methods="11" elements="77" statements="56" conditionals="10" coveredstatements="56"/>
            </class>
            <line complexity="1" visibility="package" signature="&lt;clinit&gt;, line 31()" num="31" count="1" type="method"/>
            <line num="32" count="1" type="stmt"/>
            <line num="33" count="1" type="stmt"/>
            <line num="34" count="1" type="stmt"/>
            <line num="35" count="1" type="stmt"/>
            <line num="36" count="1" type="stmt"/>
            <line num="37" count="1" type="stmt"/>
            <line num="38" count="1" type="stmt"/>
            <line num="39" count="1" type="stmt"/>
            <line num="40" count="1" type="stmt"/>
            <line num="41" count="1" type="stmt"/>
            <line num="42" count="1" type="stmt"/>
            <line num="43" count="1" type="stmt"/>
            <line num="44" count="1" type="stmt"/>
            <line num="45" count="1" type="stmt"/>
            <line num="46" count="1" type="stmt"/>
            <line num="47" count="1" type="stmt"/>
            <line num="48" count="1" type="stmt"/>
            <line complexity="1" visibility="public" signature="Detector(int,int,Direction,MapArea)" num="65" count="33" type="method"/>
            <line num="66" count="33" type="stmt"/>
            <line num="67" count="33" type="stmt"/>
            <line num="68" count="33" type="stmt"/>
            <line num="69" count="33" type="stmt"/>
            <line num="70" count="33" type="stmt"/>
            <line num="71" count="33" type="stmt"/>
            <line complexity="3" visibility="public" signature="update(Observable,Object) : void" num="82" count="68" type="method"/>
            <line num="84" count="68" type="stmt"/>
            <line falsecount="35" truecount="33" num="84" type="cond"/>
            <line num="85" count="33" type="stmt"/>
            <line num="86" count="33" type="stmt"/>
            <line num="87" count="33" type="stmt"/>
            <line num="88" count="35" type="stmt"/>
            <line falsecount="0" truecount="35" num="88" type="cond"/>
            <line num="89" count="35" type="stmt"/>
            <line num="90" count="35" type="stmt"/>
            <line complexity="1" visibility="private" signature="updateCurrentPosition(WheelState) : void" num="100" count="35" type="method"/>
            <line num="101" count="35" type="stmt"/>
            <line num="102" count="35" type="stmt"/>
            <line num="103" count="35" type="stmt"/>
            <line complexity="1" visibility="private" signature="computeNextStep(WheelState) : void" num="111" count="35" type="method"/>
            <line num="112" count="35" type="stmt"/>
            <line complexity="6" visibility="private" signature="computeNextStep(WheelState,boolean) : int[]" num="122" count="73" type="method"/>
            <line num="123" count="73" type="stmt"/>
            <line num="124" count="73" type="stmt"/>
            <line num="125" count="73" type="stmt"/>
            <line num="126" count="73" type="stmt"/>
            <line falsecount="32" truecount="41" num="126" type="cond"/>
            <line num="127" count="41" type="stmt"/>
            <line num="128" count="32" type="stmt"/>
            <line falsecount="0" truecount="32" num="128" type="cond"/>
            <line num="129" count="32" type="stmt"/>
            <line num="132" count="73" type="stmt"/>
            <line falsecount="38" truecount="35" num="132" type="cond"/>
            <line num="133" count="35" type="stmt"/>
            <line num="134" count="35" type="stmt"/>
            <line num="136" count="73" type="stmt"/>
            <line complexity="1" visibility="public" signature="isAskedPositionSafe(WheelState) : boolean" num="146" count="29" type="method"/>
            <line num="147" count="29" type="stmt"/>
            <line num="148" count="29" type="stmt"/>
            <line complexity="2" visibility="public" signature="getNextPositionState(WheelState) : PositionState" num="158" count="38" type="method"/>
            <line num="159" count="38" type="stmt"/>
            <line num="160" count="38" type="stmt"/>
            <line num="161" count="38" type="stmt"/>
            <line num="162" count="38" type="stmt"/>
            <line num="164" count="7" type="stmt"/>
            <line num="166" count="38" type="stmt"/>
            <line complexity="1" visibility="public" signature="getCurrentState() : int[]" num="174" count="43" type="method"/>
            <line num="175" count="43" type="stmt"/>
            <line complexity="1" visibility="public" signature="getCurrentStateString() : String" num="183" count="6" type="method"/>
            <line num="184" count="6" type="stmt"/>
            <line complexity="1" visibility="public" signature="getMap() : MapArea" num="187" count="4" type="method"/>
            <line num="188" count="4" type="stmt"/>
         </file>
      </package>
      <package name="com.vsegouin.mowitnow.services.file.exceptions">
         <metrics coveredelements="4" complexity="2" loc="23" methods="2" classes="1" statements="2" coveredconditionals="0" coveredmethods="2" elements="4" ncloc="11" files="1" conditionals="0" coveredstatements="2"/>
         <file path="C:\Users\ocalik\Desktop\azza\mow-it-now\src\main\java\com\vsegouin\mowitnow\services\file\exceptions\MowerInstructionFileException.java" name="MowerInstructionFileException.java">
            <metrics coveredelements="4" coveredconditionals="0" complexity="2" loc="23" coveredmethods="2" methods="2" elements="4" classes="1" ncloc="11" statements="2" conditionals="0" coveredstatements="2"/>
            <class name="MowerInstructionFileException">
               <metrics coveredelements="4" coveredconditionals="0" complexity="2" coveredmethods="2" methods="2" elements="4" statements="2" conditionals="0" coveredstatements="2"/>
            </class>
            <line complexity="1" visibility="public" signature="MowerInstructionFileException(String)" num="15" count="4" type="method"/>
            <line num="16" count="4" type="stmt"/>
            <line complexity="1" visibility="public" signature="getMessage() : String" num="19" count="20" type="method"/>
            <line num="21" count="20" type="stmt"/>
         </file>
      </package>
      <package name="com.vsegouin.mowitnow.services.language.interfaces">
         <metrics coveredelements="0" complexity="0" loc="43" methods="0" classes="1" statements="0" coveredconditionals="0" coveredmethods="0" elements="0" ncloc="8" files="1" conditionals="0" coveredstatements="0"/>
         <file path="C:\Users\ocalik\Desktop\azza\mow-it-now\src\main\java\com\vsegouin\mowitnow\services\language\interfaces\LanguageManagerInterface.java" name="LanguageManagerInterface.java">
            <metrics coveredelements="0" coveredconditionals="0" complexity="0" loc="43" coveredmethods="0" methods="0" elements="0" classes="1" ncloc="8" statements="0" conditionals="0" coveredstatements="0"/>
            <class name="LanguageManagerInterface">
               <metrics coveredelements="0" coveredconditionals="0" complexity="0" coveredmethods="0" methods="0" elements="0" statements="0" conditionals="0" coveredstatements="0"/>
            </class>
         </file>
      </package>
      <package name="com.vsegouin.mowitnow.controllers">
         <metrics coveredelements="114" complexity="34" loc="269" methods="19" classes="1" statements="82" coveredconditionals="17" coveredmethods="18" elements="119" ncloc="181" files="1" conditionals="18" coveredstatements="79"/>
         <file path="C:\Users\ocalik\Desktop\azza\mow-it-now\src\main\java\com\vsegouin\mowitnow\controllers\MainController.java" name="MainController.java">
            <metrics coveredelements="114" coveredconditionals="17" complexity="34" loc="269" coveredmethods="18" methods="19" elements="119" classes="1" ncloc="181" statements="82" conditionals="18" coveredstatements="79"/>
            <class name="MainController">
               <metrics coveredelements="114" coveredconditionals="17" complexity="34" coveredmethods="18" methods="19" elements="119" statements="82" conditionals="18" coveredstatements="79"/>
            </class>
            <line complexity="1" visibility="public" signature="MainController(FileControlInterface,LanguageManagerInterface)" num="47" count="1" type="method"/>
            <line num="49" count="1" type="stmt"/>
            <line num="50" count="1" type="stmt"/>
            <line num="51" count="1" type="stmt"/>
            <line num="52" count="1" type="stmt"/>
            <line complexity="1" visibility="public" signature="init(int,int) : MapArea" num="62" count="13" type="method"/>
            <line num="63" count="13" type="stmt"/>
            <line num="64" count="13" type="stmt"/>
            <line num="65" count="13" type="stmt"/>
            <line num="66" count="13" type="stmt"/>
            <line num="67" count="13" type="stmt"/>
            <line complexity="3" visibility="public" signature="fetchMowerFromCoordinates(MapArea,int,int) : Mower" num="77" count="14" type="method"/>
            <line num="79" count="14" type="stmt"/>
            <line num="80" count="12" type="stmt"/>
            <line num="81" count="12" type="stmt"/>
            <line falsecount="2" truecount="10" num="81" type="cond"/>
            <line num="82" count="10" type="stmt"/>
            <line num="85" count="4" type="stmt"/>
            <line complexity="1" visibility="public" signature="addMower(MapArea,int,int) : void" num="94" count="4" type="method"/>
            <line num="96" count="4" type="stmt"/>
            <line num="97" count="4" type="stmt"/>
            <line complexity="1" visibility="public" signature="addMower(MapArea,Mower) : void" num="105" count="5" type="method"/>
            <line num="107" count="5" type="stmt"/>
            <line complexity="3" visibility="public" signature="getMowerIndex(MapArea,Mower) : int" num="116" count="79" type="method"/>
            <line num="118" count="79" type="stmt"/>
            <line num="119" count="79" type="stmt"/>
            <line num="120" count="79" type="stmt"/>
            <line falsecount="79" truecount="5" num="120" type="cond"/>
            <line num="121" count="5" type="stmt"/>
            <line falsecount="2" truecount="3" num="121" type="cond"/>
            <line num="122" count="3" type="stmt"/>
            <line num="125" count="79" type="stmt"/>
            <line complexity="1" visibility="public" signature="executesCommands(Mower,String) : void" num="134" count="5" type="method"/>
            <line num="136" count="5" type="stmt"/>
            <line num="137" count="50" type="stmt"/>
            <line complexity="2" visibility="public" signature="executeFileCommands(List&lt;String&gt;) : MapArea" num="142" count="4" type="method"/>
            <line num="144" count="4" type="stmt"/>
            <line num="145" count="3" type="stmt"/>
            <line num="146" count="3" type="stmt"/>
            <line falsecount="2" truecount="5" num="146" type="cond"/>
            <line num="147" count="5" type="stmt"/>
            <line num="148" count="5" type="stmt"/>
            <line num="149" count="5" type="stmt"/>
            <line num="150" count="5" type="stmt"/>
            <line num="151" count="4" type="stmt"/>
            <line num="152" count="4" type="stmt"/>
            <line num="155" count="2" type="stmt"/>
            <line num="156" count="2" type="stmt"/>
            <line complexity="2" visibility="public" signature="executesCommands(Mower,char) : void" num="165" count="51" type="method"/>
            <line num="167" count="51" type="stmt"/>
            <line num="168" count="51" type="stmt"/>
            <line falsecount="49" truecount="2" num="168" type="cond"/>
            <line num="169" count="2" type="stmt"/>
            <line num="171" count="49" type="stmt"/>
            <line complexity="7" visibility="public" signature="executesCommands(Mower,MowerCommands) : void" num="175" count="50" type="method"/>
            <line num="177" count="50" type="stmt"/>
            <line falsecount="49" truecount="1" num="177" type="cond"/>
            <line num="178" count="1" type="stmt"/>
            <line num="180" count="49" type="stmt"/>
            <line num="181" count="49" type="stmt"/>
            <line num="182" count="11" type="stmt"/>
            <line num="183" count="11" type="stmt"/>
            <line num="184" count="11" type="stmt"/>
            <line num="185" count="10" type="stmt"/>
            <line num="186" count="10" type="stmt"/>
            <line num="187" count="10" type="stmt"/>
            <line num="188" count="27" type="stmt"/>
            <line num="189" count="27" type="stmt"/>
            <line num="190" count="26" type="stmt"/>
            <line num="191" count="1" type="stmt"/>
            <line num="192" count="1" type="stmt"/>
            <line num="193" count="1" type="stmt"/>
            <line num="194" count="0" type="stmt"/>
            <line num="195" count="0" type="stmt"/>
            <line num="198" count="1" type="stmt"/>
            <line num="199" count="1" type="stmt"/>
            <line num="202" count="49" type="stmt"/>
            <line complexity="1" visibility="private" signature="addCommandToHistoric(Mower,MowerCommands) : void" num="211" count="49" type="method"/>
            <line num="212" count="49" type="stmt"/>
            <line complexity="1" visibility="public" signature="getProgramHistoric() : List&lt;Map.Entry&lt;Mower, MowerCommands&gt;&gt;" num="215" count="20" type="method"/>
            <line num="217" count="20" type="stmt"/>
            <line complexity="1" visibility="public" signature="getMapMowersList() : Map&lt;MapArea, Map&lt;Mower, String&gt;&gt;" num="220" count="27" type="method"/>
            <line num="222" count="27" type="stmt"/>
            <line complexity="1" visibility="public" signature="setMapMowersList(Map&lt;MapArea, Map&lt;Mower, String&gt;&gt;) : void" num="225" count="0" type="method"/>
            <line num="226" count="0" type="stmt"/>
            <line complexity="1" visibility="public" signature="fetchMapFromIndex(int) : MapArea" num="229" count="8" type="method"/>
            <line num="231" count="8" type="stmt"/>
            <line num="232" count="8" type="stmt"/>
            <line complexity="1" visibility="public" signature="createMap(int,int) : MapArea" num="235" count="8" type="method"/>
            <line num="237" count="8" type="stmt"/>
            <line num="238" count="8" type="stmt"/>
            <line num="239" count="8" type="stmt"/>
            <line complexity="3" visibility="public" signature="getMapIndex(MapArea) : int" num="242" count="28" type="method"/>
            <line num="244" count="28" type="stmt"/>
            <line num="245" count="28" type="stmt"/>
            <line num="246" count="28" type="stmt"/>
            <line falsecount="28" truecount="73" num="246" type="cond"/>
            <line num="248" count="73" type="stmt"/>
            <line falsecount="45" truecount="28" num="248" type="cond"/>
            <line num="249" count="28" type="stmt"/>
            <line num="252" count="28" type="stmt"/>
            <line complexity="1" visibility="public" signature="reset() : void" num="255" count="13" type="method"/>
            <line num="257" count="13" type="stmt"/>
            <line num="258" count="13" type="stmt"/>
            <line complexity="2" visibility="public" signature="removeMower(MapArea,int,int) : void" num="261" count="1" type="method"/>
            <line num="263" count="1" type="stmt"/>
            <line num="264" count="1" type="stmt"/>
            <line falsecount="0" truecount="1" num="264" type="cond"/>
            <line num="265" count="1" type="stmt"/>
            <line num="266" count="1" type="stmt"/>
         </file>
      </package>
      <package name="com.vsegouin.mowitnow.services.dependencies.util">
         <metrics coveredelements="2" complexity="2" loc="22" methods="2" classes="1" statements="1" coveredconditionals="0" coveredmethods="1" elements="3" ncloc="12" files="1" conditionals="0" coveredstatements="1"/>
         <file path="C:\Users\ocalik\Desktop\azza\mow-it-now\src\main\java\com\vsegouin\mowitnow\services\dependencies\util\InjectorUtil.java" name="InjectorUtil.java">
            <metrics coveredelements="2" coveredconditionals="0" complexity="2" loc="22" coveredmethods="1" methods="2" elements="3" classes="1" ncloc="12" statements="1" conditionals="0" coveredstatements="1"/>
            <class name="InjectorUtil">
               <metrics coveredelements="2" coveredconditionals="0" complexity="2" coveredmethods="1" methods="2" elements="3" statements="1" conditionals="0" coveredstatements="1"/>
            </class>
            <line complexity="1" visibility="private" signature="InjectorUtil()" num="16" count="0" type="method"/>
            <line complexity="1" visibility="public" signature="getInjector() : Injector" num="19" count="204" type="method"/>
            <line num="20" count="204" type="stmt"/>
         </file>
      </package>
      <package name="com.vsegouin.mowitnow.controllers.interfaces">
         <metrics coveredelements="0" complexity="0" loc="142" methods="0" classes="1" statements="0" coveredconditionals="0" coveredmethods="0" elements="0" ncloc="26" files="1" conditionals="0" coveredstatements="0"/>
         <file path="C:\Users\ocalik\Desktop\azza\mow-it-now\src\main\java\com\vsegouin\mowitnow\controllers\interfaces\MowerController.java" name="MowerController.java">
            <metrics coveredelements="0" coveredconditionals="0" complexity="0" loc="142" coveredmethods="0" methods="0" elements="0" classes="1" ncloc="26" statements="0" conditionals="0" coveredstatements="0"/>
            <class name="MowerController">
               <metrics coveredelements="0" coveredconditionals="0" complexity="0" coveredmethods="0" methods="0" elements="0" statements="0" conditionals="0" coveredstatements="0"/>
            </class>
         </file>
      </package>
      <package name="com.vsegouin.mowitnow.services.file">
         <metrics coveredelements="61" complexity="27" loc="205" methods="9" classes="1" statements="55" coveredconditionals="15" coveredmethods="7" elements="88" ncloc="122" files="1" conditionals="24" coveredstatements="39"/>
         <file path="C:\Users\ocalik\Desktop\azza\mow-it-now\src\main\java\com\vsegouin\mowitnow\services\file\FileControl.java" name="FileControl.java">
            <metrics coveredelements="61" coveredconditionals="15" complexity="27" loc="205" coveredmethods="7" methods="9" elements="88" classes="1" ncloc="122" statements="55" conditionals="24" coveredstatements="39"/>
            <class name="FileControl">
               <metrics coveredelements="61" coveredconditionals="15" complexity="27" coveredmethods="7" methods="9" elements="88" statements="55" conditionals="24" coveredstatements="39"/>
            </class>
            <line complexity="1" visibility="public" signature="FileControl(LanguageManagerInterface)" num="41" count="5" type="method"/>
            <line num="43" count="5" type="stmt"/>
            <line complexity="1" visibility="public" signature="fileExists(String) : boolean" num="52" count="0" type="method"/>
            <line num="53" count="0" type="stmt"/>
            <line complexity="7" visibility="private" signature="checkInitialMowersPositionAreCorrect(int[],String[],int) : void" num="64" count="4" type="method"/>
            <line num="65" count="4" type="stmt"/>
            <line num="66" count="4" type="stmt"/>
            <line falsecount="3" truecount="1" num="66" type="cond"/>
            <line num="67" count="1" type="stmt"/>
            <line num="69" count="3" type="stmt"/>
            <line falsecount="3" truecount="0" num="69" type="cond"/>
            <line num="70" count="0" type="stmt"/>
            <line num="72" count="3" type="stmt"/>
            <line falsecount="3" truecount="0" num="72" type="cond"/>
            <line num="73" count="0" type="stmt"/>
            <line complexity="2" visibility="private" signature="checkCommandsExists(String,int) : void" num="84" count="3" type="method"/>
            <line num="85" count="3" type="stmt"/>
            <line num="86" count="25" type="stmt"/>
            <line falsecount="24" truecount="1" num="86" type="cond"/>
            <line num="87" count="1" type="stmt"/>
            <line complexity="3" visibility="public" signature="initializeMap(List&lt;String&gt;) : MapArea" num="99" count="4" type="method"/>
            <line num="101" count="4" type="stmt"/>
            <line num="102" count="4" type="stmt"/>
            <line falsecount="3" truecount="1" num="102" type="cond"/>
            <line num="103" count="1" type="stmt"/>
            <line num="105" count="3" type="stmt"/>
            <line num="106" count="3" type="stmt"/>
            <line num="108" count="0" type="stmt"/>
            <line complexity="2" visibility="public" signature="loadMowers(List&lt;String&gt;,MapArea) : Map&lt;Mower, String&gt;" num="120" count="0" type="method"/>
            <line num="122" count="0" type="stmt"/>
            <line num="124" count="0" type="stmt"/>
            <line falsecount="0" truecount="0" num="124" type="cond"/>
            <line num="125" count="0" type="stmt"/>
            <line num="126" count="0" type="stmt"/>
            <line num="127" count="0" type="stmt"/>
            <line num="129" count="0" type="stmt"/>
            <line complexity="3" visibility="public" signature="readFile(String) : List&lt;String&gt;" num="139" count="8" type="method"/>
            <line num="141" count="8" type="stmt"/>
            <line num="142" count="8" type="stmt"/>
            <line num="143" count="8" type="stmt"/>
            <line num="144" count="8" type="stmt"/>
            <line num="145" count="8" type="stmt"/>
            <line num="146" count="8" type="stmt"/>
            <line falsecount="0" truecount="0" num="146" type="cond"/>
            <line num="147" count="40" type="stmt"/>
            <line num="150" count="0" type="stmt"/>
            <line num="151" count="0" type="stmt"/>
            <line num="152" count="0" type="stmt"/>
            <line num="154" count="8" type="stmt"/>
            <line num="155" count="8" type="stmt"/>
            <line num="158" count="8" type="stmt"/>
            <line complexity="4" visibility="public" signature="checkFileIntegrity(List&lt;String&gt;) : boolean" num="170" count="4" type="method"/>
            <line num="172" count="4" type="stmt"/>
            <line falsecount="4" truecount="0" num="172" type="cond"/>
            <line num="173" count="0" type="stmt"/>
            <line num="174" count="4" type="stmt"/>
            <line falsecount="4" truecount="0" num="174" type="cond"/>
            <line num="175" count="0" type="stmt"/>
            <line num="177" count="4" type="stmt"/>
            <line num="178" count="3" type="stmt"/>
            <line num="179" count="3" type="stmt"/>
            <line falsecount="1" truecount="4" num="179" type="cond"/>
            <line num="180" count="4" type="stmt"/>
            <line num="181" count="4" type="stmt"/>
            <line num="182" count="4" type="stmt"/>
            <line num="184" count="4" type="stmt"/>
            <line num="185" count="3" type="stmt"/>
            <line num="187" count="1" type="stmt"/>
            <line complexity="4" visibility="private" signature="checkMapDataAreCorrect(String) : void" num="196" count="4" type="method"/>
            <line num="197" count="4" type="stmt"/>
            <line num="198" count="4" type="stmt"/>
            <line falsecount="3" truecount="1" num="198" type="cond"/>
            <line num="199" count="1" type="stmt"/>
            <line num="201" count="3" type="stmt"/>
            <line falsecount="3" truecount="0" num="201" type="cond"/>
            <line num="202" count="0" type="stmt"/>
         </file>
      </package>
      <package name="com.vsegouin.mowitnow.ui.gui.handlers.canvas">
         <metrics coveredelements="4" complexity="2" loc="35" methods="2" classes="1" statements="4" coveredconditionals="0" coveredmethods="1" elements="6" ncloc="18" files="1" conditionals="0" coveredstatements="3"/>
         <file path="C:\Users\ocalik\Desktop\azza\mow-it-now\src\main\java\com\vsegouin\mowitnow\ui\gui\handlers\canvas\CanvasRectClickedHandler.java" name="CanvasRectClickedHandler.java">
            <metrics coveredelements="4" coveredconditionals="0" complexity="2" loc="35" coveredmethods="1" methods="2" elements="6" classes="1" ncloc="18" statements="4" conditionals="0" coveredstatements="3"/>
            <class name="CanvasRectClickedHandler">
               <metrics coveredelements="4" coveredconditionals="0" complexity="2" coveredmethods="1" methods="2" elements="6" statements="4" conditionals="0" coveredstatements="3"/>
            </class>
            <line complexity="1" visibility="public" signature="CanvasRectClickedHandler(GUIController,int,int)" num="24" count="1094" type="method"/>
            <line num="25" count="1094" type="stmt"/>
            <line num="26" count="1094" type="stmt"/>
            <line num="27" count="1094" type="stmt"/>
            <line complexity="1" visibility="public" signature="handle(MouseEvent) : void" num="30" count="0" type="method"/>
            <line num="32" count="0" type="stmt"/>
         </file>
      </package>
      <package name="com.vsegouin.mowitnow.services.language">
         <metrics coveredelements="15" complexity="7" loc="57" methods="7" classes="1" statements="10" coveredconditionals="0" coveredmethods="6" elements="17" ncloc="39" files="1" conditionals="0" coveredstatements="9"/>
         <file path="C:\Users\ocalik\Desktop\azza\mow-it-now\src\main\java\com\vsegouin\mowitnow\services\language\LanguageManager.java" name="LanguageManager.java">
            <metrics coveredelements="15" coveredconditionals="0" complexity="7" loc="57" coveredmethods="6" methods="7" elements="17" classes="1" ncloc="39" statements="10" conditionals="0" coveredstatements="9"/>
            <class name="LanguageManager">
               <metrics coveredelements="15" coveredconditionals="0" complexity="7" coveredmethods="6" methods="7" elements="17" statements="10" conditionals="0" coveredstatements="9"/>
            </class>
            <line complexity="1" visibility="public" signature="LanguageManager()" num="22" count="5" type="method"/>
            <line num="23" count="5" type="stmt"/>
            <line num="24" count="5" type="stmt"/>
            <line complexity="1" visibility="public" signature="loadLocale(String,String) : Locale" num="27" count="5" type="method"/>
            <line num="29" count="5" type="stmt"/>
            <line num="30" count="5" type="stmt"/>
            <line num="31" count="5" type="stmt"/>
            <line complexity="1" visibility="public" signature="getString(String,String) : String" num="34" count="56" type="method"/>
            <line num="36" count="56" type="stmt"/>
            <line complexity="1" visibility="public" signature="getCurrentLocale() : Locale" num="39" count="1" type="method"/>
            <line num="41" count="1" type="stmt"/>
            <line complexity="1" visibility="public" signature="getString(String) : String" num="44" count="156" type="method"/>
            <line num="46" count="156" type="stmt"/>
            <line complexity="1" visibility="public" signature="getLocale() : Locale" num="49" count="1" type="method"/>
            <line num="50" count="1" type="stmt"/>
            <line complexity="1" visibility="public" signature="getResourceBundle() : ResourceBundle" num="53" count="0" type="method"/>
            <line num="54" count="0" type="stmt"/>
         </file>
      </package>
      <package name="com.vsegouin.mowitnow.ui.gui">
         <metrics coveredelements="0" complexity="8" loc="85" methods="6" classes="2" statements="18" coveredconditionals="0" coveredmethods="0" elements="26" ncloc="60" files="2" conditionals="2" coveredstatements="0"/>
         <file path="C:\Users\ocalik\Desktop\azza\mow-it-now\src\main\java\com\vsegouin\mowitnow\ui\gui\MainApp.java" name="MainApp.java">
            <metrics coveredelements="0" coveredconditionals="0" complexity="8" loc="76" coveredmethods="0" methods="6" elements="26" classes="1" ncloc="55" statements="18" conditionals="2" coveredstatements="0"/>
            <class name="MainApp">
               <metrics coveredelements="0" coveredconditionals="0" complexity="8" coveredmethods="0" methods="6" elements="26" statements="18" conditionals="2" coveredstatements="0"/>
            </class>
            <line complexity="2" visibility="public" signature="MainApp()" num="30" count="0" type="method"/>
            <line num="31" count="0" type="stmt"/>
            <line falsecount="0" truecount="0" num="31" type="cond"/>
            <line num="32" count="0" type="stmt"/>
            <line num="34" count="0" type="stmt"/>
            <line complexity="1" visibility="public" signature="getInstance() : MainApp" num="38" count="0" type="method"/>
            <line num="39" count="0" type="stmt"/>
            <line complexity="1" visibility="public" signature="main() : void" num="45" count="0" type="method"/>
            <line num="46" count="0" type="stmt"/>
            <line complexity="1" visibility="public" signature="start(Stage) : void" num="49" count="0" type="method"/>
            <line num="51" count="0" type="stmt"/>
            <line num="52" count="0" type="stmt"/>
            <line num="53" count="0" type="stmt"/>
            <line num="54" count="0" type="stmt"/>
            <line num="55" count="0" type="stmt"/>
            <line num="56" count="0" type="stmt"/>
            <line num="57" count="0" type="stmt"/>
            <line num="58" count="0" type="stmt"/>
            <line complexity="1" visibility="public" signature="closeApp() : void" num="61" count="0" type="method"/>
            <line num="63" count="0" type="stmt"/>
            <line complexity="2" visibility="public" signature="reload() : void" num="66" count="0" type="method"/>
            <line num="68" count="0" type="stmt"/>
            <line num="69" count="0" type="stmt"/>
            <line num="70" count="0" type="stmt"/>
            <line num="72" count="0" type="stmt"/>
         </file>
         <file path="C:\Users\ocalik\Desktop\azza\mow-it-now\src\main\java\com\vsegouin\mowitnow\ui\gui\ProgramState.java" name="ProgramState.java">
            <metrics coveredelements="0" coveredconditionals="0" complexity="0" loc="9" coveredmethods="0" methods="0" elements="0" classes="1" ncloc="5" statements="0" conditionals="0" coveredstatements="0"/>
            <class name="ProgramState">
               <metrics coveredelements="0" coveredconditionals="0" complexity="0" coveredmethods="0" methods="0" elements="0" statements="0" conditionals="0" coveredstatements="0"/>
            </class>
         </file>
      </package>
      <package name="com.vsegouin.mowitnow.ui.gui.controllers">
         <metrics coveredelements="56" complexity="33" loc="238" methods="24" classes="1" statements="66" coveredconditionals="4" coveredmethods="15" elements="98" ncloc="193" files="1" conditionals="8" coveredstatements="37"/>
         <file path="C:\Users\ocalik\Desktop\azza\mow-it-now\src\main\java\com\vsegouin\mowitnow\ui\gui\controllers\MainControllerGUI.java" name="MainControllerGUI.java">
            <metrics coveredelements="56" coveredconditionals="4" complexity="33" loc="238" coveredmethods="15" methods="24" elements="98" classes="1" ncloc="193" statements="66" conditionals="8" coveredstatements="37"/>
            <class name="MainControllerGUI">
               <metrics coveredelements="56" coveredconditionals="4" complexity="33" coveredmethods="15" methods="24" elements="98" statements="66" conditionals="8" coveredstatements="37"/>
            </class>
            <line complexity="1" visibility="public" signature="MainControllerGUI(MainController,LanguageManagerInterface)" num="68" count="1" type="method"/>
            <line num="70" count="1" type="stmt"/>
            <line num="71" count="1" type="stmt"/>
            <line complexity="1" visibility="public" signature="setGlobalText(String) : void" num="74" count="3" type="method"/>
            <line num="76" count="3" type="stmt"/>
            <line complexity="1" visibility="public" signature="addMapPane(int,int) : MapArea" num="79" count="8" type="method"/>
            <line num="81" count="8" type="stmt"/>
            <line num="82" count="8" type="stmt"/>
            <line num="83" count="8" type="stmt"/>
            <line num="84" count="8" type="stmt"/>
            <line num="86" count="8" type="stmt"/>
            <line num="87" count="8" type="stmt"/>
            <line complexity="2" visibility="public" signature="addMapPane(List&lt;String&gt;) : MapArea" num="90" count="0" type="method"/>
            <line num="92" count="0" type="stmt"/>
            <line num="93" count="0" type="stmt"/>
            <line num="94" count="0" type="stmt"/>
            <line num="95" count="0" type="stmt"/>
            <line num="96" count="0" type="stmt"/>
            <line num="97" count="0" type="stmt"/>
            <line num="98" count="0" type="stmt"/>
            <line num="100" count="0" type="stmt"/>
            <line num="101" count="0" type="stmt"/>
            <line num="103" count="0" type="stmt"/>
            <line complexity="1" visibility="private" signature="updatesGlobalInfosPane(MapArea) : void" num="111" count="20" type="method"/>
            <line num="112" count="20" type="stmt"/>
            <line num="113" count="20" type="stmt"/>
            <line num="114" count="20" type="stmt"/>
            <line complexity="3" visibility="public" signature="executeCommands(MowerCommands) : void" num="117" count="0" type="method"/>
            <line num="119" count="0" type="stmt"/>
            <line falsecount="0" truecount="0" num="119" type="cond"/>
            <line num="120" count="0" type="stmt"/>
            <line num="122" count="0" type="stmt"/>
            <line num="123" count="0" type="stmt"/>
            <line num="124" count="0" type="stmt"/>
            <line num="126" count="0" type="stmt"/>
            <line num="127" count="0" type="stmt"/>
            <line complexity="1" visibility="public" signature="getCurrentlySelectedMower() : Mower" num="132" count="3" type="method"/>
            <line num="134" count="3" type="stmt"/>
            <line complexity="1" visibility="public" signature="getProgramState() : ProgramState" num="137" count="9" type="method"/>
            <line num="139" count="9" type="stmt"/>
            <line complexity="1" visibility="public" signature="setProgramState(ProgramState) : void" num="142" count="7" type="method"/>
            <line num="144" count="7" type="stmt"/>
            <line complexity="5" visibility="public" signature="executeProgramState(int,int) : void" num="147" count="3" type="method"/>
            <line num="149" count="3" type="stmt"/>
            <line falsecount="2" truecount="1" num="149" type="cond"/>
            <line num="150" count="1" type="stmt"/>
            <line num="151" count="1" type="stmt"/>
            <line num="152" count="2" type="stmt"/>
            <line falsecount="1" truecount="1" num="152" type="cond"/>
            <line num="153" count="1" type="stmt"/>
            <line num="155" count="3" type="stmt"/>
            <line num="156" count="3" type="stmt"/>
            <line complexity="1" visibility="public" signature="closeApp() : void" num="159" count="0" type="method"/>
            <line num="161" count="0" type="stmt"/>
            <line complexity="2" visibility="public" signature="reloadApp() : void" num="164" count="0" type="method"/>
            <line num="166" count="0" type="stmt"/>
            <line num="167" count="0" type="stmt"/>
            <line falsecount="0" truecount="0" num="167" type="cond"/>
            <line num="168" count="0" type="stmt"/>
            <line num="169" count="0" type="stmt"/>
            <line complexity="1" visibility="public" signature="getCurrentMap() : MapArea" num="173" count="7" type="method"/>
            <line num="175" count="7" type="stmt"/>
            <line complexity="1" visibility="public" signature="setCurrentMap(MapArea) : void" num="178" count="9" type="method"/>
            <line num="180" count="9" type="stmt"/>
            <line num="181" count="9" type="stmt"/>
            <line num="182" count="9" type="stmt"/>
            <line complexity="2" visibility="public" signature="resetApp() : void" num="185" count="1" type="method"/>
            <line num="187" count="1" type="stmt"/>
            <line num="188" count="1" type="stmt"/>
            <line num="189" count="1" type="stmt"/>
            <line num="190" count="1" type="stmt"/>
            <line num="191" count="1" type="stmt"/>
            <line num="192" count="1" type="stmt"/>
            <line num="193" count="1" type="stmt"/>
            <line num="195" count="0" type="stmt"/>
            <line num="196" count="0" type="stmt"/>
            <line complexity="1" visibility="public" signature="getController() : MainController" num="200" count="4" type="method"/>
            <line num="201" count="4" type="stmt"/>
            <line complexity="1" visibility="public" signature="getMenuBarController() : MenuBarController" num="204" count="0" type="method"/>
            <line num="205" count="0" type="stmt"/>
            <line complexity="1" visibility="public" signature="getToolbarController() : ToolbarController" num="208" count="1" type="method"/>
            <line num="209" count="1" type="stmt"/>
            <line complexity="1" visibility="public" signature="getTabMapController() : TabMapController" num="212" count="0" type="method"/>
            <line num="213" count="0" type="stmt"/>
            <line complexity="1" visibility="public" signature="getHistoricController() : HistoricPaneController" num="216" count="0" type="method"/>
            <line num="217" count="0" type="stmt"/>
            <line complexity="1" visibility="public" signature="getRemoteControlController() : RemoteControlController" num="220" count="0" type="method"/>
            <line num="221" count="0" type="stmt"/>
            <line complexity="1" visibility="public" signature="getMowersListController() : MowerListController" num="224" count="0" type="method"/>
            <line num="225" count="0" type="stmt"/>
            <line complexity="1" visibility="public" signature="getActionPaneController() : MapAction" num="228" count="1" type="method"/>
            <line num="229" count="1" type="stmt"/>
            <line complexity="1" visibility="public" signature="setStageAndSetupListeners(Stage) : void" num="233" count="2" type="method"/>
            <line num="235" count="2" type="stmt"/>
         </file>
      </package>
      <package name="com.vsegouin.mowitnow.mower.exceptions">
         <metrics coveredelements="9" complexity="5" loc="62" methods="5" classes="3" statements="6" coveredconditionals="0" coveredmethods="4" elements="11" ncloc="31" files="3" conditionals="0" coveredstatements="5"/>
         <file path="C:\Users\ocalik\Desktop\azza\mow-it-now\src\main\java\com\vsegouin\mowitnow\mower\exceptions\ImpossibleMowerCommandException.java" name="ImpossibleMowerCommandException.java">
            <metrics coveredelements="0" coveredconditionals="0" complexity="0" loc="7" coveredmethods="0" methods="0" elements="0" classes="1" ncloc="3" statements="0" conditionals="0" coveredstatements="0"/>
            <class name="ImpossibleMowerCommandException">
               <metrics coveredelements="0" coveredconditionals="0" complexity="0" coveredmethods="0" methods="0" elements="0" statements="0" conditionals="0" coveredstatements="0"/>
            </class>
         </file>
         <file path="C:\Users\ocalik\Desktop\azza\mow-it-now\src\main\java\com\vsegouin\mowitnow\mower\exceptions\UnknownMowerCommandException.java" name="UnknownMowerCommandException.java">
            <metrics coveredelements="4" coveredconditionals="0" complexity="2" loc="22" coveredmethods="2" methods="2" elements="4" classes="1" ncloc="11" statements="2" conditionals="0" coveredstatements="2"/>
            <class name="UnknownMowerCommandException">
               <metrics coveredelements="4" coveredconditionals="0" complexity="2" coveredmethods="2" methods="2" elements="4" statements="2" conditionals="0" coveredstatements="2"/>
            </class>
            <line complexity="1" visibility="public" signature="UnknownMowerCommandException(String)" num="14" count="3" type="method"/>
            <line num="15" count="3" type="stmt"/>
            <line complexity="1" visibility="public" signature="getMessage() : String" num="18" count="15" type="method"/>
            <line num="20" count="15" type="stmt"/>
         </file>
         <file path="C:\Users\ocalik\Desktop\azza\mow-it-now\src\main\java\com\vsegouin\mowitnow\mower\exceptions\UnsafeMoveException.java" name="UnsafeMoveException.java">
            <metrics coveredelements="5" coveredconditionals="0" complexity="3" loc="33" coveredmethods="2" methods="3" elements="7" classes="1" ncloc="17" statements="4" conditionals="0" coveredstatements="3"/>
            <class name="UnsafeMoveException">
               <metrics coveredelements="5" coveredconditionals="0" complexity="3" coveredmethods="2" methods="3" elements="7" statements="4" conditionals="0" coveredstatements="3"/>
            </class>
            <line complexity="1" visibility="public" signature="UnsafeMoveException(String,PositionState)" num="19" count="3" type="method"/>
            <line num="20" count="3" type="stmt"/>
            <line num="21" count="3" type="stmt"/>
            <line complexity="1" visibility="public" signature="getMessage() : String" num="24" count="11" type="method"/>
            <line num="26" count="11" type="stmt"/>
            <line complexity="1" visibility="public" signature="getAskedPositionState() : PositionState" num="29" count="0" type="method"/>
            <line num="30" count="0" type="stmt"/>
         </file>
      </package>
      <package name="com.vsegouin.mowitnow.ui.gui.controllers.menu">
         <metrics coveredelements="3" complexity="8" loc="124" methods="8" classes="1" statements="31" coveredconditionals="0" coveredmethods="1" elements="39" ncloc="72" files="1" conditionals="0" coveredstatements="2"/>
         <file path="C:\Users\ocalik\Desktop\azza\mow-it-now\src\main\java\com\vsegouin\mowitnow\ui\gui\controllers\menu\MenuBarController.java" name="MenuBarController.java">
            <metrics coveredelements="3" coveredconditionals="0" complexity="8" loc="124" coveredmethods="1" methods="8" elements="39" classes="1" ncloc="72" statements="31" conditionals="0" coveredstatements="2"/>
            <class name="MenuBarController">
               <metrics coveredelements="3" coveredconditionals="0" complexity="8" coveredmethods="1" methods="8" elements="39" statements="31" conditionals="0" coveredstatements="2"/>
            </class>
            <line complexity="1" visibility="public" signature="MenuBarController(LanguageManagerInterface,GUIController)" num="38" count="2" type="method"/>
            <line num="40" count="2" type="stmt"/>
            <line num="41" count="2" type="stmt"/>
            <line complexity="1" visibility="public" signature="loadFileAction() : void" num="49" count="0" type="method"/>
            <line num="50" count="0" type="stmt"/>
            <line num="51" count="0" type="stmt"/>
            <line num="52" count="0" type="stmt"/>
            <line num="53" count="0" type="stmt"/>
            <line num="54" count="0" type="stmt"/>
            <line num="55" count="0" type="stmt"/>
            <line complexity="1" visibility="public" signature="switchToFrench() : void" num="61" count="0" type="method"/>
            <line num="62" count="0" type="stmt"/>
            <line num="63" count="0" type="stmt"/>
            <line complexity="1" visibility="public" signature="switchToEnglish() : void" num="69" count="0" type="method"/>
            <line num="70" count="0" type="stmt"/>
            <line num="71" count="0" type="stmt"/>
            <line complexity="1" visibility="public" signature="createNewMap() : void" num="79" count="0" type="method"/>
            <line num="80" count="0" type="stmt"/>
            <line num="81" count="0" type="stmt"/>
            <line num="82" count="0" type="stmt"/>
            <line num="83" count="0" type="stmt"/>
            <line num="84" count="0" type="stmt"/>
            <line num="85" count="0" type="stmt"/>
            <line complexity="1" visibility="public" signature="createNewProject() : void" num="94" count="0" type="method"/>
            <line num="95" count="0" type="stmt"/>
            <line num="96" count="0" type="stmt"/>
            <line num="97" count="0" type="stmt"/>
            <line num="98" count="0" type="stmt"/>
            <line num="99" count="0" type="stmt"/>
            <line num="100" count="0" type="stmt"/>
            <line complexity="1" visibility="public" signature="closeApplication() : void" num="107" count="0" type="method"/>
            <line num="108" count="0" type="stmt"/>
            <line complexity="1" visibility="public" signature="bulkAddAction() : void" num="116" count="0" type="method"/>
            <line num="117" count="0" type="stmt"/>
            <line num="118" count="0" type="stmt"/>
            <line num="119" count="0" type="stmt"/>
            <line num="120" count="0" type="stmt"/>
            <line num="121" count="0" type="stmt"/>
            <line num="122" count="0" type="stmt"/>
         </file>
      </package>
      <package name="com.vsegouin.mowitnow.services.dependencies">
         <metrics coveredelements="6" complexity="1" loc="32" methods="1" classes="1" statements="5" coveredconditionals="0" coveredmethods="1" elements="6" ncloc="23" files="1" conditionals="0" coveredstatements="5"/>
         <file path="C:\Users\ocalik\Desktop\azza\mow-it-now\src\main\java\com\vsegouin\mowitnow\services\dependencies\AppInjector.java" name="AppInjector.java">
            <metrics coveredelements="6" coveredconditionals="0" complexity="1" loc="32" coveredmethods="1" methods="1" elements="6" classes="1" ncloc="23" statements="5" conditionals="0" coveredstatements="5"/>
            <class name="AppInjector">
               <metrics coveredelements="6" coveredconditionals="0" complexity="1" coveredmethods="1" methods="1" elements="6" statements="5" conditionals="0" coveredstatements="5"/>
            </class>
            <line complexity="1" visibility="protected" signature="configure() : void" num="22" count="1" type="method"/>
            <line num="25" count="1" type="stmt"/>
            <line num="26" count="1" type="stmt"/>
            <line num="27" count="1" type="stmt"/>
            <line num="28" count="1" type="stmt"/>
            <line num="29" count="1" type="stmt"/>
         </file>
      </package>
      <package name="com.vsegouin.mowitnow.ui.gui.controllers.interfaces">
         <metrics coveredelements="0" complexity="0" loc="137" methods="0" classes="3" statements="0" coveredconditionals="0" coveredmethods="0" elements="0" ncloc="32" files="3" conditionals="0" coveredstatements="0"/>
         <file path="C:\Users\ocalik\Desktop\azza\mow-it-now\src\main\java\com\vsegouin\mowitnow\ui\gui\controllers\interfaces\FxmlController.java" name="FxmlController.java">
            <metrics coveredelements="0" coveredconditionals="0" complexity="0" loc="18" coveredmethods="0" methods="0" elements="0" classes="1" ncloc="6" statements="0" conditionals="0" coveredstatements="0"/>
            <class name="FxmlController">
               <metrics coveredelements="0" coveredconditionals="0" complexity="0" coveredmethods="0" methods="0" elements="0" statements="0" conditionals="0" coveredstatements="0"/>
            </class>
         </file>
         <file path="C:\Users\ocalik\Desktop\azza\mow-it-now\src\main\java\com\vsegouin\mowitnow\ui\gui\controllers\interfaces\GUIController.java" name="GUIController.java">
            <metrics coveredelements="0" coveredconditionals="0" complexity="0" loc="103" coveredmethods="0" methods="0" elements="0" classes="1" ncloc="21" statements="0" conditionals="0" coveredstatements="0"/>
            <class name="GUIController">
[...]
            <line num="114" count="1" type="stmt"/>
            <line num="115" count="1" type="stmt"/>
            <line num="116" count="1" type="stmt"/>
            <line complexity="1" visibility="public" signature="testFetchMowerFromCoordinates() : void" num="119" testsuccess="true" count="1" testduration="0.0" type="method"/>
            <line num="121" count="1" type="stmt"/>
            <line num="122" count="1" type="stmt"/>
            <line num="123" count="1" type="stmt"/>
            <line complexity="1" visibility="public" signature="testFetchMowerFromCoordinatesError() : void" num="126" testsuccess="true" count="1" testduration="0.0" type="method"/>
            <line num="128" count="1" type="stmt"/>
            <line num="129" count="1" type="stmt"/>
            <line complexity="1" visibility="public" signature="testExecutesCommands_abbreviationError() : void" num="132" testsuccess="true" count="1" testduration="0.0" type="method"/>
            <line num="134" count="1" type="stmt"/>
            <line num="135" count="1" type="stmt"/>
            <line complexity="1" visibility="public" signature="testExecutesCommands_commandNull() : void" num="138" testsuccess="true" count="1" testduration="0.0" type="method"/>
            <line num="140" count="1" type="stmt"/>
            <line num="141" count="1" type="stmt"/>
         </file>
      </package>
      <package name="com.vsegouin.mowitnow.services.file">
         <metrics coveredelements="23" complexity="5" loc="75" methods="5" classes="1" statements="21" coveredconditionals="0" coveredmethods="5" elements="26" ncloc="48" files="1" conditionals="0" coveredstatements="18"/>
         <file path="C:\Users\ocalik\Desktop\azza\mow-it-now\src\test\java\com\vsegouin\mowitnow\services\file\FileControlTest.java" name="FileControlTest.java">
            <metrics coveredelements="23" coveredconditionals="0" complexity="5" loc="75" coveredmethods="5" methods="5" elements="26" classes="1" ncloc="48" statements="21" conditionals="0" coveredstatements="18"/>
            <class name="FileControlTest">
               <metrics coveredelements="23" complexity="5" methods="5" testruns="4" statements="21" coveredconditionals="0" coveredmethods="5" elements="26" testfailures="0" testduration="0.005" conditionals="0" coveredstatements="18" testpasses="4"/>
            </class>
            <line complexity="1" visibility="public" signature="setUp() : void" num="22" count="4" type="method"/>
            <line num="24" count="4" type="stmt"/>
            <line complexity="1" visibility="public" signature="testCheckFileIntegrityWithCorrect() : void" num="33" testsuccess="true" count="1" testduration="0.002" type="method"/>
            <line num="35" count="1" type="stmt"/>
            <line num="36" count="1" type="stmt"/>
            <line num="37" count="1" type="stmt"/>
            <line num="38" count="1" type="stmt"/>
            <line num="39" count="1" type="stmt"/>
            <line complexity="1" visibility="public" signature="testCheckFileIntegrity_MalFormattedMap() : void" num="42" testsuccess="true" count="1" testduration="0.001" type="method"/>
            <line num="44" count="1" type="stmt"/>
            <line num="45" count="1" type="stmt"/>
            <line num="46" count="1" type="stmt"/>
            <line num="47" count="1" type="stmt"/>
            <line num="48" count="0" type="stmt"/>
            <line complexity="1" visibility="public" signature="testCheckFileIntegrity_MalFormattedMower() : void" num="51" testsuccess="true" count="1" testduration="0.0" type="method"/>
            <line num="53" count="1" type="stmt"/>
            <line num="54" count="1" type="stmt"/>
            <line num="55" count="1" type="stmt"/>
            <line num="56" count="1" type="stmt"/>
            <line num="57" count="0" type="stmt"/>
            <line complexity="1" visibility="public" signature="testCheckFileIntegrityWithInCorrect() : void" num="66" testsuccess="true" count="1" testduration="0.002" type="method"/>
            <line num="68" count="1" type="stmt"/>
            <line num="69" count="1" type="stmt"/>
            <line num="70" count="1" type="stmt"/>
            <line num="71" count="1" type="stmt"/>
            <line num="72" count="0" type="stmt"/>
         </file>
      </package>
      <package name="com.vsegouin.mowitnow.ui.gui.controllers">
         <metrics coveredelements="45" complexity="11" loc="119" methods="11" classes="1" statements="34" coveredconditionals="0" coveredmethods="11" elements="45" ncloc="85" files="1" conditionals="0" coveredstatements="34"/>
         <file path="C:\Users\ocalik\Desktop\azza\mow-it-now\src\test\java\com\vsegouin\mowitnow\ui\gui\controllers\MainControllerGUITest.java" name="MainControllerGUITest.java">
            <metrics coveredelements="45" coveredconditionals="0" complexity="11" loc="119" coveredmethods="11" methods="11" elements="45" classes="1" ncloc="85" statements="34" conditionals="0" coveredstatements="34"/>
            <class name="MainControllerGUITest">
               <metrics coveredelements="45" complexity="11" methods="11" testruns="10" statements="34" coveredconditionals="0" coveredmethods="11" elements="45" testfailures="0" testduration="0.176" conditionals="0" coveredstatements="34" testpasses="10"/>
            </class>
            <line complexity="1" visibility="public" signature="init() : void" num="29" count="1" type="method"/>
            <line num="31" count="1" type="stmt"/>
            <line num="32" count="1" type="stmt"/>
            <line num="33" count="1" type="stmt"/>
            <line num="34" count="1" type="stmt"/>
            <line complexity="1" visibility="public" signature="testSetGlobalText() : void" num="38" testsuccess="true" count="1" testduration="0.001" type="method"/>
            <line num="40" count="1" type="stmt"/>
            <line num="41" count="1" type="stmt"/>
            <line complexity="1" visibility="public" signature="testAddMapPane() : void" num="44" testsuccess="true" count="1" testduration="0.042" type="method"/>
            <line num="46" count="1" type="stmt"/>
            <line num="47" count="1" type="stmt"/>
            <line complexity="1" visibility="public" signature="testAddMapPane1() : void" num="50" testsuccess="true" count="1" testduration="0.016" type="method"/>
            <line num="52" count="1" type="stmt"/>
            <line num="53" count="1" type="stmt"/>
            <line complexity="1" visibility="public" signature="testExecuteCommands() : void" num="57" testsuccess="true" count="1" testduration="0.001" type="method"/>
            <line complexity="1" visibility="public" signature="testGetCurrentlySelectedMower() : void" num="62" testsuccess="true" count="1" testduration="0.0" type="method"/>
            <line complexity="1" visibility="public" signature="testGetSetProgramState() : void" num="67" testsuccess="true" count="1" testduration="0.0" type="method"/>
            <line num="69" count="1" type="stmt"/>
            <line num="70" count="1" type="stmt"/>
            <line num="71" count="1" type="stmt"/>
            <line num="72" count="1" type="stmt"/>
            <line complexity="1" visibility="public" signature="testExecuteProgramState_addMower() : void" num="75" testsuccess="true" count="1" testduration="0.023" type="method"/>
            <line num="77" count="1" type="stmt"/>
            <line num="78" count="1" type="stmt"/>
            <line num="79" count="1" type="stmt"/>
            <line num="80" count="1" type="stmt"/>
            <line num="81" count="1" type="stmt"/>
            <line num="83" count="1" type="stmt"/>
            <line num="84" count="1" type="stmt"/>
            <line num="85" count="1" type="stmt"/>
            <line num="87" count="1" type="stmt"/>
            <line num="88" count="1" type="stmt"/>
            <line num="89" count="1" type="stmt"/>
            <line num="90" count="1" type="stmt"/>
            <line complexity="1" visibility="public" signature="testGetCurrentMap() : void" num="95" testsuccess="true" count="1" testduration="0.02" type="method"/>
            <line num="97" count="1" type="stmt"/>
            <line num="98" count="1" type="stmt"/>
            <line complexity="1" visibility="public" signature="testSetCurrentMap() : void" num="101" testsuccess="true" count="1" testduration="0.007" type="method"/>
            <line num="103" count="1" type="stmt"/>
            <line num="104" count="1" type="stmt"/>
            <line num="105" count="1" type="stmt"/>
            <line num="106" count="1" type="stmt"/>
            <line num="107" count="1" type="stmt"/>
            <line complexity="1" visibility="public" signature="testResetApp() : void" num="114" testsuccess="true" count="1" testduration="0.066" type="method"/>
            <line num="116" count="1" type="stmt"/>
         </file>
      </package>
      <package name="com.vsegouin.mowitnow.mower.core.movements">
         <metrics coveredelements="36" complexity="5" loc="75" methods="5" classes="2" statements="31" coveredconditionals="0" coveredmethods="5" elements="36" ncloc="56" files="2" conditionals="0" coveredstatements="31"/>
         <file path="C:\Users\ocalik\Desktop\azza\mow-it-now\src\test\java\com\vsegouin\mowitnow\mower\core\movements\ServoMotorTest.java" name="ServoMotorTest.java">
            <metrics coveredelements="22" coveredconditionals="0" complexity="2" loc="41" coveredmethods="2" methods="2" elements="22" classes="1" ncloc="31" statements="20" conditionals="0" coveredstatements="20"/>
            <class name="ServoMotorTest">
               <metrics coveredelements="22" complexity="2" methods="2" testruns="2" statements="20" coveredconditionals="0" coveredmethods="2" elements="22" testfailures="0" testduration="0.002" conditionals="0" coveredstatements="20" testpasses="2"/>
            </class>
            <line complexity="1" visibility="public" signature="testTurnRight() : void" num="12" testsuccess="true" count="1" testduration="0.001" type="method"/>
            <line num="14" count="1" type="stmt"/>
            <line num="15" count="1" type="stmt"/>
            <line num="16" count="1" type="stmt"/>
            <line num="17" count="1" type="stmt"/>
            <line num="18" count="1" type="stmt"/>
            <line num="19" count="1" type="stmt"/>
            <line num="20" count="1" type="stmt"/>
            <line num="21" count="1" type="stmt"/>
            <line num="22" count="1" type="stmt"/>
            <line num="23" count="1" type="stmt"/>
            <line complexity="1" visibility="public" signature="testTurnLeft() : void" num="26" testsuccess="true" count="1" testduration="0.001" type="method"/>
            <line num="28" count="1" type="stmt"/>
            <line num="29" count="1" type="stmt"/>
            <line num="30" count="1" type="stmt"/>
            <line num="31" count="1" type="stmt"/>
            <line num="32" count="1" type="stmt"/>
            <line num="33" count="1" type="stmt"/>
            <line num="34" count="1" type="stmt"/>
            <line num="35" count="1" type="stmt"/>
            <line num="36" count="1" type="stmt"/>
            <line num="37" count="1" type="stmt"/>
         </file>
         <file path="C:\Users\ocalik\Desktop\azza\mow-it-now\src\test\java\com\vsegouin\mowitnow\mower\core\movements\WheelTest.java" name="WheelTest.java">
            <metrics coveredelements="14" coveredconditionals="0" complexity="3" loc="34" coveredmethods="3" methods="3" elements="14" classes="1" ncloc="25" statements="11" conditionals="0" coveredstatements="11"/>
            <class name="WheelTest">
               <metrics coveredelements="14" complexity="3" methods="3" testruns="2" statements="11" coveredconditionals="0" coveredmethods="3" elements="14" testfailures="0" testduration="0.0" conditionals="0" coveredstatements="11" testpasses="2"/>
            </class>
            <line complexity="1" visibility="public" signature="testGoForward() : void" num="12" testsuccess="true" count="1" testduration="0.0" type="method"/>
            <line num="14" count="1" type="stmt"/>
            <line num="15" count="1" type="stmt"/>
            <line num="16" count="1" type="stmt"/>
            <line num="17" count="1" type="stmt"/>
            <line complexity="1" visibility="public" signature="testGoBackward() : void" num="20" testsuccess="true" count="1" testduration="0.0" type="method"/>
            <line num="22" count="1" type="stmt"/>
            <line num="23" count="1" type="stmt"/>
            <line num="24" count="1" type="stmt"/>
            <line num="25" count="1" type="stmt"/>
            <line complexity="1" visibility="private" signature="checkResult(Wheel) : boolean" num="28" count="2" type="method"/>
            <line num="30" count="2" type="stmt"/>
            <line num="31" count="2" type="stmt"/>
            <line num="32" count="2" type="stmt"/>
         </file>
      </package>
      <package name="com.vsegouin.mowitnow.ui.gui.controllers.actions">
         <metrics coveredelements="12" complexity="3" loc="41" methods="3" classes="1" statements="9" coveredconditionals="0" coveredmethods="3" elements="12" ncloc="29" files="1" conditionals="0" coveredstatements="9"/>
         <file path="C:\Users\ocalik\Desktop\azza\mow-it-now\src\test\java\com\vsegouin\mowitnow\ui\gui\controllers\actions\MapActionTest.java" name="MapActionTest.java">
            <metrics coveredelements="12" coveredconditionals="0" complexity="3" loc="41" coveredmethods="3" methods="3" elements="12" classes="1" ncloc="29" statements="9" conditionals="0" coveredstatements="9"/>
            <class name="MapActionTest">
               <metrics coveredelements="12" complexity="3" methods="3" testruns="2" statements="9" coveredconditionals="0" coveredmethods="3" elements="12" testfailures="0" testduration="0.01" conditionals="0" coveredstatements="9" testpasses="2"/>
            </class>
            <line complexity="1" visibility="public" signature="init() : void" num="19" count="1" type="method"/>
            <line num="21" count="1" type="stmt"/>
            <line num="22" count="1" type="stmt"/>
            <line num="23" count="1" type="stmt"/>
            <line complexity="1" visibility="public" signature="testPrepareAddMower() : void" num="27" testsuccess="true" count="1" testduration="0.005" type="method"/>
            <line num="29" count="1" type="stmt"/>
            <line num="30" count="1" type="stmt"/>
            <line num="31" count="1" type="stmt"/>
            <line complexity="1" visibility="public" signature="testPrepareRemoveMower() : void" num="34" testsuccess="true" count="1" testduration="0.005" type="method"/>
            <line num="36" count="1" type="stmt"/>
            <line num="37" count="1" type="stmt"/>
            <line num="38" count="1" type="stmt"/>
         </file>
      </package>
      <package name="com.vsegouin.mowitnow.mower.core.map">
         <metrics coveredelements="6" complexity="1" loc="23" methods="1" classes="1" statements="5" coveredconditionals="0" coveredmethods="1" elements="6" ncloc="14" files="1" conditionals="0" coveredstatements="5"/>
         <file path="C:\Users\ocalik\Desktop\azza\mow-it-now\src\test\java\com\vsegouin\mowitnow\mower\core\map\MapAreaTest.java" name="MapAreaTest.java">
            <metrics coveredelements="6" coveredconditionals="0" complexity="1" loc="23" coveredmethods="1" methods="1" elements="6" classes="1" ncloc="14" statements="5" conditionals="0" coveredstatements="5"/>
            <class name="MapAreaTest">
               <metrics coveredelements="6" complexity="1" methods="1" testruns="1" statements="5" coveredconditionals="0" coveredmethods="1" elements="6" testfailures="0" testduration="0.0" conditionals="0" coveredstatements="5" testpasses="1"/>
            </class>
            <line complexity="1" visibility="public" signature="testMapCreation() : void" num="14" testsuccess="true" count="1" testduration="0.0" type="method"/>
            <line num="16" count="1" type="stmt"/>
            <line num="18" count="1" type="stmt"/>
            <line num="19" count="1" type="stmt"/>
            <line num="20" count="1" type="stmt"/>
            <line num="21" count="1" type="stmt"/>
         </file>
      </package>
      <package name="com.vsegouin.mowitnow.ui.gui.controllers.helper">
         <metrics coveredelements="34" complexity="11" loc="82" methods="8" classes="1" statements="27" coveredconditionals="3" coveredmethods="7" elements="39" ncloc="70" files="1" conditionals="4" coveredstatements="24"/>
         <file path="C:\Users\ocalik\Desktop\azza\mow-it-now\src\test\java\com\vsegouin\mowitnow\ui\gui\controllers\helper\JavaFXInitializer.java" name="JavaFXInitializer.java">
            <metrics coveredelements="34" coveredconditionals="3" complexity="11" loc="82" coveredmethods="7" methods="8" elements="39" classes="1" ncloc="70" statements="27" conditionals="4" coveredstatements="24"/>
            <class name="JavaFXInitializer">
               <metrics coveredelements="34" coveredconditionals="3" complexity="11" coveredmethods="7" methods="8" elements="39" statements="27" conditionals="4" coveredstatements="24"/>
            </class>
            <line complexity="2" visibility="public" signature="initialize() : Object" num="21" count="2" type="method"/>
            <line num="22" count="2" type="stmt"/>
            <line falsecount="1" truecount="1" num="22" type="cond"/>
            <line num="23" count="1" type="stmt"/>
            <line num="25" count="1" type="stmt"/>
            <line complexity="1" visibility="public" signature="run() : void" num="26" count="1" type="method"/>
            <line num="27" count="1" type="stmt"/>
            <line num="30" count="1" type="stmt"/>
            <line num="31" count="1" type="stmt"/>
            <line num="32" count="1" type="stmt"/>
            <line num="33" count="1" type="stmt"/>
            <line num="35" count="1" type="stmt"/>
            <line complexity="2" visibility="public" signature="destroy() : void" num="38" count="0" type="method"/>
            <line num="39" count="0" type="stmt"/>
            <line num="40" count="0" type="stmt"/>
            <line num="42" count="0" type="stmt"/>
            <line complexity="1" visibility="public" signature="getController() : Object" num="46" count="2" type="method"/>
            <line num="47" count="2" type="stmt"/>
            <line complexity="2" visibility="public" signature="start(Stage) : void" num="50" count="1" type="method"/>
            <line num="52" count="1" type="stmt"/>
            <line num="53" count="1" type="stmt"/>
            <line num="54" count="1" type="stmt"/>
            <line num="55" count="1" type="stmt"/>
            <line complexity="1" visibility="public" signature="call(Class&lt;?&gt;) : Object" num="56" count="8" type="method"/>
            <line num="58" count="8" type="stmt"/>
            <line num="61" count="1" type="stmt"/>
            <line num="62" count="1" type="stmt"/>
            <line complexity="1" visibility="protected" signature="initialValue() : Object" num="63" count="2" type="method"/>
            <line num="64" count="2" type="stmt"/>
            <line num="68" count="1" type="stmt"/>
            <line falsecount="0" truecount="1" num="68" type="cond"/>
            <line num="69" count="1" type="stmt"/>
            <line num="71" count="1" type="stmt"/>
            <line complexity="1" visibility="protected" signature="initialValue() : Object" num="72" count="1" type="method"/>
            <line num="73" count="1" type="stmt"/>
            <line num="76" count="1" type="stmt"/>
            <line num="77" count="1" type="stmt"/>
         </file>
      </package>
   </testproject>
</coverage>